<?xml version="1.0" encoding="UTF-8"?>
<!-- Generated by org.testng.reporters.JUnitXMLReporter -->
<testsuite ignored="1" hostname="DESKTOP-8HD2FDV" failures="0" tests="1" name="Default test" time="8.837" errors="0" timestamp="2022-06-02T17:44:23 COT">
  <testcase classname="test_cases.CarListPageTestCases" name="find_price_disscount" time="0.727"/>
  <testcase classname="test_cases.CarListPageTestCases" name="add_products_test" time="0.0">
    <ignored/>
  </testcase> <!-- add_products_test -->
</testsuite> <!-- Default test -->
