<?xml version="1.0" encoding="UTF-8"?>
<testng-results ignored="1" total="2" passed="1" failed="0" skipped="0">
  <reporter-output>
  </reporter-output>
  <suite started-at="2022-06-02T17:44:14 COT" name="Default suite" finished-at="2022-06-02T17:44:23 COT" duration-ms="8837">
    <groups>
    </groups>
    <test started-at="2022-06-02T17:44:14 COT" name="Default test" finished-at="2022-06-02T17:44:23 COT" duration-ms="8837">
      <class name="test_cases.CarListPageTestCases">
        <test-method is-config="true" signature="setUp()[pri:0, instance:test_cases.CarListPageTestCases@4b86805d]" started-at="2022-06-02T17:44:15 COT" name="setUp" finished-at="2022-06-02T17:44:22 COT" duration-ms="7388" status="PASS">
          <reporter-output>
          </reporter-output>
        </test-method> <!-- setUp -->
        <test-method signature="find_price_disscount()[pri:0, instance:test_cases.CarListPageTestCases@4b86805d]" started-at="2022-06-02T17:44:22 COT" name="find_price_disscount" finished-at="2022-06-02T17:44:23 COT" duration-ms="727" status="PASS">
          <reporter-output>
          </reporter-output>
        </test-method> <!-- find_price_disscount -->
        <test-method is-config="true" signature="tear_down()[pri:0, instance:test_cases.CarListPageTestCases@4b86805d]" started-at="2022-06-02T17:44:23 COT" name="tear_down" finished-at="2022-06-02T17:44:23 COT" duration-ms="612" status="PASS">
          <reporter-output>
          </reporter-output>
        </test-method> <!-- tear_down -->
      </class> <!-- test_cases.CarListPageTestCases -->
    </test> <!-- Default test -->
  </suite> <!-- Default suite -->
</testng-results>
